<?xml version="1.0" encoding="UTF-8"?>
<testng-results ignored="0" total="1" passed="1" failed="0" skipped="0">
  <reporter-output>
  </reporter-output>
  <suite started-at="2025-07-26T12:48:24 IST" name="Suite" finished-at="2025-07-26T12:48:29 IST" duration-ms="4695">
    <groups>
    </groups>
    <test started-at="2025-07-26T12:48:24 IST" name="Test" finished-at="2025-07-26T12:48:29 IST" duration-ms="4695">
      <class name="testclasses.LoginTest">
        <test-method is-config="true" signature="setUp(java.lang.String)[pri:0, instance:testclasses.LoginTest@acdb094]" started-at="2025-07-26T12:48:24 IST" name="setUp" finished-at="2025-07-26T12:48:26 IST" duration-ms="2414" status="PASS">
          <params>
            <param index="0">
              <value>
                <![CDATA[chrome]]>
              </value>
            </param>
          </params>
          <reporter-output>
          </reporter-output>
        </test-method> <!-- setUp -->
        <test-method signature="verifyUrl()[pri:0, instance:testclasses.LoginTest@acdb094]" started-at="2025-07-26T12:48:26 IST" name="verifyUrl" finished-at="2025-07-26T12:48:28 IST" duration-ms="1718" status="PASS">
          <reporter-output>
          </reporter-output>
        </test-method> <!-- verifyUrl -->
        <test-method is-config="true" signature="tearDown()[pri:0, instance:testclasses.LoginTest@acdb094]" started-at="2025-07-26T12:48:28 IST" name="tearDown" finished-at="2025-07-26T12:48:29 IST" duration-ms="253" status="PASS">
          <reporter-output>
          </reporter-output>
        </test-method> <!-- tearDown -->
      </class> <!-- testclasses.LoginTest -->
    </test> <!-- Test -->
  </suite> <!-- Suite -->
</testng-results>
